==================
Time slot   0
ld_routine
	Loaded a process at input/proc/p0s, PID: 1 PRIO: 130
==================
Time slot   1
	CPU 3: Dispatched process  1
==================
Time slot   2
allocate region=300 reg=0
------PAGE TABLE CONTENT------
print_pgtbl: 0 - 512
00000000: 80000000
00000001: 80000001

------FREE REGION CONTENT------
print_list_rg: 
rg[300->512]

	Loaded a process at input/proc/s3, PID: 2 PRIO: 39
==================
Time slot   3
	CPU 3: Put process  1 to run queue
	CPU 3: Dispatched process  2
	CPU 2: Dispatched process  1
allocate region=300 reg=4
------PAGE TABLE CONTENT------
print_pgtbl: 0 - 1024
00000000: 80000000
00000001: 80000001
00000002: 80000002
00000003: 80000003

------FREE REGION CONTENT------
print_list_rg: 
rg[300->512]
rg[812->1024]

==================
Time slot   4
	Loaded a process at input/proc/m1s, PID: 3 PRIO: 15
free reg=0
------PAGE TABLE CONTENT------
print_pgtbl: 0 - 1024
00000000: 80000000
00000001: 80000001
00000002: 80000002
00000003: 80000003

------FREE REGION CONTENT------
print_list_rg: 
rg[0->512]
rg[812->1024]

	CPU 1: Dispatched process  3
allocate region=300 reg=0
------PAGE TABLE CONTENT------
print_pgtbl: 0 - 512
00000000: 80000004
00000001: 80000005

------FREE REGION CONTENT------
print_list_rg: 
rg[300->512]

==================
Time slot   5
	CPU 2: Put process  1 to run queue
	CPU 3: Put process  2 to run queue
	CPU 2: Dispatched process  1
allocate region=100 reg=1
------PAGE TABLE CONTENT------
print_pgtbl: 0 - 1024
00000000: 80000000
00000001: 80000001
00000002: 80000002
00000003: 80000003

------FREE REGION CONTENT------
print_list_rg: 
rg[100->512]
rg[812->1024]

allocate region=100 reg=1
------PAGE TABLE CONTENT------
print_pgtbl: 0 - 512
00000000: 80000004
00000001: 80000005

------FREE REGION CONTENT------
print_list_rg: 
rg[400->512]

	CPU 3: Dispatched process  2
==================
Time slot   6
write region=1 offset=20 value=100
------PAGE TABLE CONTENT------
print_pgtbl: 0 - 1024
00000000: 80000000
00000001: 80000001
00000002: 80000002
00000003: 80000003

------RAM CONTENT------
0x00000014: 00000064
	CPU 1: Put process  3 to run queue
	CPU 1: Dispatched process  3
free reg=0
------PAGE TABLE CONTENT------
print_pgtbl: 0 - 512
00000000: 80000004
00000001: 80000005

------FREE REGION CONTENT------
print_list_rg: 
rg[0->300]
rg[400->512]

	Loaded a process at input/proc/s2, PID: 4 PRIO: 120

==================
Time slot   7
	CPU 3: Put process  2 to run queue
	CPU 2: Put process  1 to run queue
	CPU 3: Dispatched process  2
	CPU 2: Dispatched process  4
allocate region=100 reg=2
------PAGE TABLE CONTENT------
print_pgtbl: 0 - 512
00000000: 80000004
00000001: 80000005

------FREE REGION CONTENT------
print_list_rg: 
rg[100->300]
rg[400->512]

	CPU 0: Dispatched process  1
read region=1 offset=20 value=100
------PAGE TABLE CONTENT------
print_pgtbl: 0 - 1024
00000000: 80000000
00000001: 80000001
00000002: 80000002
00000003: 80000003

	Loaded a process at input/proc/m0s, PID: 5 PRIO: 120
==================
Time slot   8
	CPU 1: Put process  3 to run queue
	CPU 1: Dispatched process  3
free reg=2
------PAGE TABLE CONTENT------
print_pgtbl: 0 - 512
00000000: 80000004
00000001: 80000005

------FREE REGION CONTENT------
print_list_rg: 
rg[0->300]
rg[400->512]

writing error: not allocated or out of region range
==================
Time slot   9
	Loaded a process at input/proc/p1s, PID: 6 PRIO: 15
	CPU 3: Put process  2 to run queue
	CPU 3: Dispatched process  6
	CPU 2: Put process  4 to run queue
free reg=1
------PAGE TABLE CONTENT------
print_pgtbl: 0 - 512	CPU 0: Put process  1 to run queue
	CPU 0: Dispatched process  5
allocate region=300 reg=0
------PAGE TABLE CONTENT------
print_pgtbl: 0 - 512
00000000: 80000006
00000001: 80000007

------FREE REGION CONTENT------
print_list_rg: 
rg[300->512]

	CPU 2: Dispatched process  2

00000000: 80000004
00000001: 80000005

------FREE REGION CONTENT------
print_list_rg: 
rg[0->512]

==================
Time slot  10
	CPU 1: Put process  3 to run queue
	CPU 1: Dispatched process  4
allocate region=100 reg=1
------PAGE TABLE CONTENT------
print_pgtbl: 0 - 512
00000000: 80000006
00000001: 80000007

------FREE REGION CONTENT------
print_list_rg: 
rg[400->512]

==================
Time slot  11
	Loaded a process at input/proc/s0, PID: 7 PRIO: 38
	CPU 0: Put process  5 to run queue
	CPU 0: Dispatched process  5
	CPU 3: Put process  6 to run queue
	CPU 3: Dispatched process  1
reading error: not allocated or out of region range
	CPU 2: Put process  2 to run queue
	CPU 2: Dispatched process  3
free error: double free
free reg=0
------PAGE TABLE CONTENT------
print_pgtbl: 0 - 512
00000000: 80000006
00000001: 80000007

------FREE REGION CONTENT------
print_list_rg: 
rg[0->300]
rg[400->512]

==================
Time slot  12
writing error: not allocated or out of region range
	CPU 1: Put process  4 to run queue
	CPU 1: Dispatched process  6
allocate region=100 reg=2
------PAGE TABLE CONTENT------
print_pgtbl: 0 - 512
00000000: 80000006
00000001: 80000007

------FREE REGION CONTENT------
print_list_rg: 
rg[100->300]
rg[400->512]

free error: double free
==================
Time slot  13
	CPU 3: Processed  1 has finished
	CPU 2: Processed  3 has finished
	CPU 3: Dispatched process  7
	CPU 2: Dispatched process  2
	CPU 0: Put process  5 to run queue
	CPU 0: Dispatched process  4
==================
Time slot  14
	CPU 1: Put process  6 to run queue
	CPU 1: Dispatched process  5
write region=1 offset=20 value=102
------PAGE TABLE CONTENT------
print_pgtbl: 0 - 512
00000000: 80000006
00000001: 80000007

------RAM CONTENT------
0x00000014: 00000064
0x00000740: 00000066

==================
Time slot  15
	CPU 3: Put process  7 to run queue
	CPU 2: Put process  2 to run queue
writing error: not allocated or out of region range
	CPU 2: Dispatched process  7
	CPU 0: Put process  4 to run queue
	CPU 0: Dispatched process  2
	CPU 3: Dispatched process  6
	Loaded a process at input/proc/s1, PID: 8 PRIO: 0
==================
Time slot  16
	CPU 1: Put process  5 to run queue
	CPU 0: Processed  2 has finished
	CPU 1: Dispatched process  4
	CPU 0: Dispatched process  5
writing error: not allocated or out of region range
==================
Time slot  17
	CPU 3: Put process  6 to run queue
	CPU 2: Put process  7 to run queue
	CPU 2: Dispatched process  6
	CPU 3: Dispatched process  8
	CPU 0: Processed  5 has finished
	CPU 0: Dispatched process  7
==================
Time slot  18
	CPU 1: Put process  4 to run queue
	CPU 1: Dispatched process  4
	CPU 3: Put process  8 to run queue
	CPU 2: Put process  6 to run queue
	CPU 2: Dispatched process  6
	CPU 0: Put process  7 to run queue
	CPU 0: Dispatched process  7
==================
Time slot  19
	CPU 3: Dispatched process  8
==================
Time slot  20
	CPU 1: Put process  4 to run queue
	CPU 1: Dispatched process  4
	CPU 3: Put process  8 to run queue
	CPU 3: Dispatched process  8
==================
Time slot  21
	CPU 0: Put process  7 to run queue
	CPU 0: Dispatched process  7
	CPU 2: Processed  6 has finished
	CPU 2 stopped
==================
Time slot  22
	CPU 1: Processed  4 has finished
	CPU 1 stopped
==================
Time slot  23
	CPU 3: Put process  8 to run queue
	CPU 3: Dispatched process  8
	CPU 0: Put process  7 to run queue
	CPU 0: Dispatched process  7
==================
Time slot  24
	CPU 3: Processed  8 has finished
	CPU 3 stopped
==================
Time slot  25
	CPU 0: Put process  7 to run queue
	CPU 0: Dispatched process  7
==================
Time slot  26
==================
Time slot  27
	CPU 0: Put process  7 to run queue
	CPU 0: Dispatched process  7
==================
Time slot  28
	CPU 0: Processed  7 has finished
	CPU 0 stopped
==================
Time slot   0
ld_routine
	Loaded a process at input/proc/p0s, PID: 1 PRIO: 130
	CPU 3: Dispatched process  1
==================
Time slot   1
allocate region=300 reg=0
------PAGE TABLE CONTENT------
print_pgtbl: 0 - 512
00000000: 80000000
00000001: 80000001

------FREE REGION CONTENT------
print_list_rg: 
rg[300->512]

==================
Time slot   2
	Loaded a process at input/proc/s3, PID: 2 PRIO: 39
	CPU 3: Put process  1 to run queue
	CPU 3: Dispatched process  2
==================
Time slot   3
	CPU 2: Dispatched process  1
allocate region=300 reg=4
------PAGE TABLE CONTENT------
print_pgtbl: 0 - 1024
00000000: 80000000
00000001: 80000001
00000002: 80000002
00000003: 80000003

------FREE REGION CONTENT------
print_list_rg: 
rg[300->512]
rg[812->1024]

	Loaded a process at input/proc/m1s, PID: 3 PRIO: 15
free reg=0
------PAGE TABLE CONTENT------
print_pgtbl: 0 - 1024
00000000: 80000000
00000001: 80000001
00000002: 80000002
00000003: 80000003

------FREE REGION CONTENT------
print_list_rg: 
rg[0->512]
rg[812->1024]

==================
Time slot   4
	CPU 1: Dispatched process  3
allocate region=300 reg=0
------PAGE TABLE CONTENT------
print_pgtbl: 0 - 512
00000000: 80000004
00000001: 80000005

------FREE REGION CONTENT------
print_list_rg: 
rg[300->512]

	CPU 3: Put process  2 to run queue
	CPU 3: Dispatched process  2
	CPU 2: Put process  1 to run queue
	CPU 2: Dispatched process  1
allocate region=100 reg=1
------PAGE TABLE CONTENT------
print_pgtbl: 0 - 1024
00000000: 80000000
00000001: 80000001
00000002: 80000002
00000003: 80000003

------FREE REGION CONTENT------
print_list_rg: 
rg[100->512]
rg[812->1024]

==================
Time slot   5
allocate region=100 reg=1
------PAGE TABLE CONTENT------
print_pgtbl: 0 - 512
00000000: 80000004
00000001: 80000005

------FREE REGION CONTENT------
print_list_rg: 
rg[400->512]

	Loaded a process at input/proc/s2, PID: 4 PRIO: 120
	CPU 1: Put process  3 to run queue
	CPU 1: Dispatched process  3
write region=1 offset=20 value=100
==================
Time slot   6
	CPU 0: Dispatched process  4
------PAGE TABLE CONTENT------
print_pgtbl: 0 - 1024
00000000: 80000000
00000001: 80000001
00000002: 80000002
00000003: 80000003

------RAM CONTENT------
0x00000014: 00000064
free reg=0
------PAGE TABLE CONTENT------
print_pgtbl: 0 - 512
00000000: 80000004
00000001: 80000005

------FREE REGION CONTENT------
print_list_rg: 
rg[0->300]
rg[400->512]


==================
Time slot   7
	CPU 3: Put process  2 to run queue
	CPU 3: Dispatched process  2
	CPU 2: Put process  1 to run queue
	CPU 2: Dispatched process  1
read region=1 offset=20 value=100
------PAGE TABLE CONTENT------
print_pgtbl: 0 - 1024
00000000: 80000000
00000001: 80000001
00000002: 80000002
00000003: 80000003

allocate region=100 reg=2
------PAGE TABLE CONTENT------
print_pgtbl: 0 - 512
00000000: 80000004
00000001: 80000005

------FREE REGION CONTENT------
print_list_rg: 
rg[100->300]
rg[400->512]

	Loaded a process at input/proc/m0s, PID: 5 PRIO: 120
writing error: not allocated or out of region range
	CPU 1: Put process  3 to run queue
	CPU 1: Dispatched process  3
==================
Time slot   8
	CPU 0: Put process  4 to run queue
	CPU 0: Dispatched process  5
allocate region=300 reg=0
------PAGE TABLE CONTENT------
print_pgtbl: 0 - 512
00000000: 80000006
00000001: 80000007

------FREE REGION CONTENT------
print_list_rg: 
rg[300->512]

free reg=2
------PAGE TABLE CONTENT------
print_pgtbl: 0 - 512
00000000: 80000004
00000001: 80000005

------FREE REGION CONTENT------
print_list_rg: 
rg[0->300]
rg[400->512]

	Loaded a process at input/proc/p1s, PID: 6 PRIO: 15
	CPU 3: Put process  2 to run queue
	CPU 3: Dispatched process  4
	CPU 2: Put process  1 to run queue
	CPU 2: Dispatched process  1
reading error: not allocated or out of region range
free reg=1
------PAGE TABLE CONTENT------
print_pgtbl: 0 - 512allocate region=100 reg=1
------PAGE TABLE CONTENT------
print_pgtbl: 0 - 512
00000000: 80000006
00000001: 80000007

------FREE REGION CONTENT------
print_list_rg: 
rg[400->512]


00000000: 80000004
00000001: 80000005

------FREE REGION CONTENT------
print_list_rg: 
rg[0->512]

==================
Time slot   9
writing error: not allocated or out of region range
	CPU 1: Put process  3 to run queue
==================
Time slot  10
	CPU 0: Put process  5 to run queue
	CPU 0: Dispatched process  3
free error: double free
	CPU 1: Dispatched process  6
	Loaded a process at input/proc/s0, PID: 7 PRIO: 38
	CPU 3: Put process  4 to run queue
	CPU 3: Dispatched process  7
	CPU 2: Processed  1 has finished
	CPU 2: Dispatched process  2
==================
Time slot  11
free error: double free
	CPU 1: Put process  6 to run queue
	CPU 1: Dispatched process  5
	CPU 0: Processed  3 has finished
free reg=0
------PAGE TABLE CONTENT------
print_pgtbl: 0 - 512
00000000: 80000006
00000001: 80000007

------FREE REGION CONTENT------
print_list_rg: 
rg[0->300]
rg[400->512]

	CPU 0: Dispatched process  4
==================
Time slot  12
	CPU 3: Put process  7 to run queue
	CPU 3: Dispatched process  6
	CPU 2: Put process  2 to run queue
	CPU 2: Dispatched process  7
allocate region=100 reg=2
------PAGE TABLE CONTENT------
print_pgtbl: 0 - 512
00000000: 80000006
00000001: 80000007

------FREE REGION CONTENT------
print_list_rg: 
rg[100->300]
rg[400->512]

==================
Time slot  13
==================
Time slot  14
	CPU 1: Put process  5 to run queue
	CPU 1: Dispatched process  2
	CPU 0: Put process  4 to run queue
	CPU 0: Dispatched process  5
write region=1 offset=20 value=102
------PAGE TABLE CONTENT------
print_pgtbl: 0 - 512
00000000: 80000006
00000001: 80000007

------RAM CONTENT------
0x00000014: 00000064
0x00000740: 00000066

==================
Time slot  15
	CPU 3: Put process  6 to run queue
	CPU 3: Dispatched process  4
	CPU 2: Put process  7 to run queue
	CPU 2: Dispatched process  6
writing error: not allocated or out of region range
==================
Time slot  16
	Loaded a process at input/proc/s1, PID: 8 PRIO: 0
	CPU 1: Put process  2 to run queue
	CPU 1: Dispatched process  7
	CPU 0: Put process  5 to run queue
	CPU 0: Dispatched process  2
==================
Time slot  17
	CPU 3: Put process  4 to run queue
	CPU 3: Dispatched process  5
writing error: not allocated or out of region range
	CPU 2: Put process  6 to run queue
	CPU 2: Dispatched process  4
	CPU 0: Processed  2 has finished
	CPU 0: Dispatched process  8
==================
Time slot  18
	CPU 3: Processed  5 has finished
	CPU 3: Dispatched process  6
	CPU 1: Put process  7 to run queue
	CPU 1: Dispatched process  7
	CPU 2: Put process  4 to run queue
	CPU 2: Dispatched process  4
==================
Time slot  19
	CPU 0: Put process  8 to run queue
	CPU 0: Dispatched process  8
==================
Time slot  20
	CPU 3: Put process  6 to run queue
	CPU 3: Dispatched process  6
	CPU 1: Put process  7 to run queue
	CPU 1: Dispatched process  7
	CPU 2: Processed  4 has finished
==================
Time slot  21
	CPU 2 stopped
	CPU 0: Put process  8 to run queue
	CPU 0: Dispatched process  8
==================
Time slot  22
	CPU 3: Processed  6 has finished
	CPU 3 stopped
	CPU 1: Put process  7 to run queue
	CPU 1: Dispatched process  7
==================
Time slot  23
	CPU 0: Put process  8 to run queue
	CPU 0: Dispatched process  8
==================
Time slot  24
	CPU 1: Put process  7 to run queue
	CPU 1: Dispatched process  7
	CPU 0: Processed  8 has finished
	CPU 0 stopped
==================
Time slot  25
==================
Time slot  26
	CPU 1: Put process  7 to run queue
	CPU 1: Dispatched process  7
==================
Time slot  27
	CPU 1: Processed  7 has finished
	CPU 1 stopped
==================
Time slot   0
ld_routine
	Loaded a process at input/proc/p0s, PID: 1 PRIO: 130
==================
Time slot   1
	CPU 1: Dispatched process  1
==================
Time slot   2
allocate region=300 reg=0
------PAGE TABLE CONTENT------
print_pgtbl: 0 - 512
00000000: 80000000
00000001: 80000001

------FREE REGION CONTENT------
print_list_rg: 
rg[300->512]

	Loaded a process at input/proc/s3, PID: 2 PRIO: 39
==================
Time slot   3
	CPU 3: Dispatched process  2
	CPU 1: Put process  1 to run queue
	CPU 1: Dispatched process  1
allocate region=300 reg=4
------PAGE TABLE CONTENT------
print_pgtbl: 0 - 1024
00000000: 80000000
00000001: 80000001
00000002: 80000002
00000003: 80000003

------FREE REGION CONTENT------
print_list_rg: 
rg[300->512]
rg[812->1024]

==================
Time slot   4
	Loaded a process at input/proc/m1s, PID: 3 PRIO: 15
free reg=0
------PAGE TABLE CONTENT------
print_pgtbl: 0 - 1024
00000000: 80000000
00000001: 80000001
00000002: 80000002
00000003: 80000003

------FREE REGION CONTENT------
print_list_rg: 
rg[0->512]
rg[812->1024]

	CPU 3: Put process  2 to run queue
	CPU 3: Dispatched process  3
allocate region=300 reg=0
------PAGE TABLE CONTENT------
print_pgtbl: 0 - 512
00000000: 80000004
00000001: 80000005

	CPU 2: Dispatched process  2
------FREE REGION CONTENT------
print_list_rg: 
==================
Time slot   5
	CPU 1: Put process  1 to run queue
	CPU 1: Dispatched process  1
allocate region=100 reg=1
------PAGE TABLE CONTENT------
print_pgtbl: 0 - 1024
00000000: 80000000
00000001: 80000001
00000002: 80000002
00000003: 80000003

------FREE REGION CONTENT------
print_list_rg: 
rg[100->512]
rg[812->1024]

rg[300->512]

	Loaded a process at input/proc/s2, PID: 4 PRIO: 120
==================
Time slot   6
allocate region=100 reg=1
------PAGE TABLE CONTENT------
print_pgtbl: 0 - 512
00000000: 80000004
00000001: 80000005

------FREE REGION CONTENT------
print_list_rg: 
rg[400->512]

	CPU 0: Dispatched process  4
write region=1 offset=20 value=100
------PAGE TABLE CONTENT------
print_pgtbl: 0 - 1024
00000000: 80000000
00000001: 80000001
00000002: 80000002
00000003: 80000003

------RAM CONTENT------
0x00000014: 00000064

==================
Time slot   7
	CPU 3: Put process  3 to run queue
	CPU 1: Put process  1 to run queue
	CPU 2: Put process  2 to run queue
	CPU 3: Dispatched process  3
	CPU 1: Dispatched process  1
free reg=0
------PAGE TABLE CONTENT------
print_pgtbl: 0 - 512
00000000: 80000004
00000001: 80000005

------FREE REGION CONTENT------
print_list_rg: 
rg[0->300]
rg[400->512]

read region=1 offset=20 value=100
------PAGE TABLE CONTENT------
print_pgtbl: 0 - 1024
00000000: 80000000
00000001: 80000001
00000002: 80000002
00000003: 80000003

	CPU 2: Dispatched process  2
	Loaded a process at input/proc/m0s, PID: 5 PRIO: 120
allocate region=100 reg=2
------PAGE TABLE CONTENT------
print_pgtbl: 0 - 512
00000000: 80000004
00000001: 80000005

------FREE REGION CONTENT------
writing error: not allocated or out of region range
print_list_rg: 
rg[100->300]
rg[400->512]

	CPU 0: Put process  4 to run queue
	CPU 0: Dispatched process  5
==================
Time slot   8
allocate region=300 reg=0
------PAGE TABLE CONTENT------
print_pgtbl: 0 - 512
00000000: 80000006
00000001: 80000007

------FREE REGION CONTENT------
print_list_rg: 
rg[300->512]

	Loaded a process at input/proc/p1s, PID: 6 PRIO: 15
	CPU 3: Put process  3 to run queue
	CPU 2: Put process  2 to run queue
	CPU 3: Dispatched process  4
	CPU 2: Dispatched process  6
	CPU 1: Put process  1 to run queue
==================
Time slot   9
	CPU 1: Dispatched process  3
free reg=2
------PAGE TABLE CONTENT------
allocate region=100 reg=1
------PAGE TABLE CONTENT------
print_pgtbl: 0 - 512
00000000: 80000006
00000001: 80000007

------FREE REGION CONTENT------
print_list_rg: 
rg[400->512]

print_pgtbl: 0 - 512
00000000: 80000004
00000001: 80000005

------FREE REGION CONTENT------
print_list_rg: 
rg[0->300]
rg[400->512]

==================
Time slot  10
free reg=1
------PAGE TABLE CONTENT------
print_pgtbl: 0 - 512
00000000: 80000004
00000001: 80000005

------FREE REGION CONTENT------
print_list_rg: 
rg[0->512]

	CPU 0: Put process  5 to run queue
	CPU 0: Dispatched process  2
	Loaded a process at input/proc/s0, PID: 7 PRIO: 38
==================
Time slot  11
	CPU 3: Put process  4 to run queue
	CPU 2: Put process  6 to run queue
	CPU 3: Dispatched process  5
free reg=0
------PAGE TABLE CONTENT------
print_pgtbl: 0 - 512
00000000: 80000006
00000001: 80000007

------FREE REGION CONTENT------
print_list_rg: 
rg[0->300]
rg[400->512]

	CPU 2: Dispatched process  4
	CPU 1: Put process  3 to run queue
	CPU 1: Dispatched process  1
reading error: not allocated or out of region range
==================
Time slot  12
allocate region=100 reg=2
------PAGE TABLE CONTENT------
print_pgtbl: 0 - 512
00000000: 80000006
00000001: 80000007

------FREE REGION CONTENT------
print_list_rg: 
rg[100->300]
rg[400->512]

writing error: not allocated or out of region range
	CPU 0: Put process  2 to run queue
	CPU 0: Dispatched process  6
	CPU 3: Put process  5 to run queue
==================
Time slot  13
	CPU 2: Put process  4 to run queue
	CPU 1: Processed  1 has finished
	CPU 1: Dispatched process  7
	CPU 2: Dispatched process  2
	CPU 3: Dispatched process  3
free error: double free
==================
Time slot  14
free error: double free
	CPU 0: Put process  6 to run queue
	CPU 0: Dispatched process  5
write region=1 offset=20 value=102
------PAGE TABLE CONTENT------
print_pgtbl: 0 - 512
00000000: 80000006
00000001: 80000007

------RAM CONTENT------
0x00000014: 00000064
0x00000740: 00000066

==================
Time slot  15
	CPU 2: Put process  2 to run queue
	CPU 2: Dispatched process  4
writing error: not allocated or out of region range
	CPU 1: Put process  7 to run queue
	CPU 1: Dispatched process  6
	CPU 3: Processed  3 has finished
	CPU 3: Dispatched process  7
	Loaded a process at input/proc/s1, PID: 8 PRIO: 0
==================
Time slot  16
	CPU 0: Put process  5 to run queue
	CPU 0: Dispatched process  2
	CPU 3: Put process  7 to run queue
	CPU 2: Put process  4 to run queue
	CPU 1: Put process  6 to run queue
	CPU 2: Dispatched process  4
==================
Time slot  17
	CPU 0: Processed  2 has finished
	CPU 0: Dispatched process  6
	CPU 3: Dispatched process  5
writing error: not allocated or out of region range
	CPU 1: Dispatched process  8
	CPU 3: Processed  5 has finished
	CPU 3: Dispatched process  7
==================
Time slot  18
==================
Time slot  19
	CPU 2: Put process  4 to run queue
	CPU 2: Dispatched process  4
	CPU 1: Put process  8 to run queue
	CPU 1: Dispatched process  8
	CPU 0: Put process  6 to run queue
	CPU 0: Dispatched process  6
==================
Time slot  20
	CPU 3: Put process  7 to run queue
	CPU 3: Dispatched process  7
==================
Time slot  21
	CPU 1: Put process  8 to run queue
	CPU 0: Processed  6 has finished
	CPU 0 stopped
	CPU 1: Dispatched process  8
	CPU 2: Processed  4 has finished
	CPU 2 stopped
==================
Time slot  22
	CPU 3: Put process  7 to run queue
	CPU 3: Dispatched process  7
==================
Time slot  23
	CPU 1: Put process  8 to run queue
	CPU 1: Dispatched process  8
==================
Time slot  24
	CPU 3: Put process  7 to run queue
	CPU 3: Dispatched process  7
	CPU 1: Processed  8 has finished
	CPU 1 stopped
==================
Time slot  25
==================
Time slot  26
	CPU 3: Put process  7 to run queue
	CPU 3: Dispatched process  7
==================
Time slot  27
==================
Time slot  28
	CPU 3: Put process  7 to run queue
	CPU 3: Dispatched process  7
==================
Time slot  29
	CPU 3: Processed  7 has finished
	CPU 3 stopped
==================
Time slot   0
ld_routine
==================
Time slot   1
	Loaded a process at input/proc/p0s, PID: 1 PRIO: 130
	CPU 1: Dispatched process  1
==================
Time slot   2
allocate region=300 reg=0
------PAGE TABLE CONTENT------
print_pgtbl: 0 - 512
00000000: 80000000
00000001: 80000001

------FREE REGION CONTENT------
print_list_rg: 
rg[300->512]

	Loaded a process at input/proc/s3, PID: 2 PRIO: 39
==================
Time slot   3
	CPU 3: Dispatched process  2
	CPU 1: Put process  1 to run queue
	CPU 1: Dispatched process  1
allocate region=300 reg=4
------PAGE TABLE CONTENT------
print_pgtbl: 0 - 1024
00000000: 80000000
00000001: 80000001
00000002: 80000002
00000003: 80000003

------FREE REGION CONTENT------
print_list_rg: 
rg[300->512]
rg[812->1024]

	Loaded a process at input/proc/m1s, PID: 3 PRIO: 15
==================
Time slot   4
	CPU 2: Dispatched process  3
free reg=0
------PAGE TABLE CONTENT------
print_pgtbl: 0 - 1024
00000000: 80000000
00000001: 80000001
00000002: 80000002
00000003: 80000003

------FREE REGION CONTENT------
print_list_rg: 
rg[0->512]
rg[812->1024]

allocate region=300 reg=0
------PAGE TABLE CONTENT------
print_pgtbl: 0 - 512
00000000: 80000004
00000001: 80000005

------FREE REGION CONTENT------
print_list_rg: 
rg[300->512]

==================
Time slot   5
	CPU 3: Put process  2 to run queue
	CPU 3: Dispatched process  2
allocate region=100 reg=1
------PAGE TABLE CONTENT------
print_pgtbl: 0 - 512
00000000: 80000004
00000001: 80000005

------FREE REGION CONTENT------
print_list_rg: 
rg[400->512]

	CPU 1: Put process  1 to run queue
	CPU 1: Dispatched process  1
allocate region=100 reg=1
------PAGE TABLE CONTENT------
print_pgtbl: 0 - 1024
00000000: 80000000
00000001: 80000001
00000002: 80000002
00000003: 80000003

------FREE REGION CONTENT------
print_list_rg: 
rg[100->512]
rg[812->1024]

	Loaded a process at input/proc/s2, PID: 4 PRIO: 120
==================
Time slot   6
	CPU 2: Put process  3 to run queue
	CPU 2: Dispatched process  3
free reg=0
------PAGE TABLE CONTENT------
print_pgtbl: 0 - 512
00000000: 80000004
00000001: 80000005

------FREE REGION CONTENT------
print_list_rg: 
rg[0->300]
rg[400->512]
write region=1 offset=20 value=100
------PAGE TABLE CONTENT------
print_pgtbl: 0 - 1024
00000000: 80000000
	CPU 0: Dispatched process  4
00000001: 80000001
00000002: 80000002
00000003: 80000003

------RAM CONTENT------
0x00000014: 00000064


==================
Time slot   7
	CPU 3: Put process  2 to run queue
	CPU 3: Dispatched process  2
allocate region=100 reg=2
------PAGE TABLE CONTENT------
print_pgtbl: 0 - 512
00000000: 80000004
00000001: 80000005

------FREE REGION CONTENT------
print_list_rg: 
rg[100->300]
rg[400->512]

	CPU 1: Put process  1 to run queue
	CPU 1: Dispatched process  1
read region=1 offset=20 value=100
------PAGE TABLE CONTENT------
print_pgtbl: 0 - 1024
00000000: 80000000
00000001: 80000001
00000002: 80000002
00000003: 80000003

	Loaded a process at input/proc/m0s, PID: 5 PRIO: 120
==================
Time slot   8
	CPU 2: Put process  3 to run queue
	CPU 2: Dispatched process  3
	CPU 0: Put process  4 to run queue
free reg=2
------PAGE TABLE CONTENT------
print_pgtbl: 0 - 512
00000000: 80000004
00000001: 80000005

------FREE REGION CONTENT------
print_list_rg: 
rg[0->300]
rg[400->512]

	CPU 0: Dispatched process  5
allocate region=300 reg=0
------PAGE TABLE CONTENT------
print_pgtbl: 0 - 512
00000000: 80000006
00000001: 80000007

------FREE REGION CONTENT------
print_list_rg: 
rg[300->512]

writing error: not allocated or out of region range
	Loaded a process at input/proc/p1s, PID: 6 PRIO: 15
	CPU 3: Put process  2 to run queue
	CPU 3: Dispatched process  4
free reg=1
------PAGE TABLE CONTENT------
print_pgtbl: 0 - 512
00000000: 80000004
00000001: 80000005

------FREE REGION CONTENT------
print_list_rg: 
rg[0->512]

==================
allocate region=100 reg=1
------PAGE TABLE CONTENT------
print_pgtbl: 0 - 512
00000000: 80000006
00000001: 80000007

------FREE REGION CONTENT------
print_list_rg: 
rg[400->512]

	CPU 1: Put process  1 to run queue
	CPU 1: Dispatched process  1
reading error: not allocated or out of region range
Time slot   9
==================
Time slot  10
writing error: not allocated or out of region range
	CPU 0: Put process  5 to run queue
	CPU 0: Dispatched process  6
	CPU 2: Put process  3 to run queue
	CPU 2: Dispatched process  3
free error: double free
	Loaded a process at input/proc/s0, PID: 7 PRIO: 38
==================
Time slot  11
	CPU 3: Put process  4 to run queue
	CPU 3: Dispatched process  7
free error: double free
	CPU 1: Processed  1 has finished
	CPU 1: Dispatched process  2
==================
Time slot  12
	CPU 2: Processed  3 has finished
	CPU 0: Put process  6 to run queue
	CPU 0: Dispatched process  5
	CPU 2: Dispatched process  4
free reg=0
------PAGE TABLE CONTENT------
print_pgtbl: 0 - 512
00000000: 80000006
00000001: 80000007

------FREE REGION CONTENT------
print_list_rg: 
rg[0->300]
rg[400->512]

	CPU 3: Put process  7 to run queue
	CPU 3: Dispatched process  6
==================
Time slot  13
	CPU 1: Put process  2 to run queue
	CPU 1: Dispatched process  7
allocate region=100 reg=2
------PAGE TABLE CONTENT------
print_pgtbl: 0 - 512
00000000: 80000006
00000001: 80000007

------FREE REGION CONTENT------
print_list_rg: 
rg[100->300]
rg[400->512]

==================
Time slot  14
	CPU 2: Put process  4 to run queue
	CPU 2: Dispatched process  2
	CPU 0: Put process  5 to run queue
	CPU 0: Dispatched process  4
==================
Time slot  15
	CPU 3: Put process  6 to run queue
	CPU 3: Dispatched process  5
write region=1 offset=20 value=102
------PAGE TABLE CONTENT------
print_pgtbl: 0 - 512
00000000: 80000006
00000001: 80000007

------RAM CONTENT------
0x00000014: 00000064
0x00000740: 00000066
	CPU 1: Put process  7 to run queue
	CPU 1: Dispatched process  6

	Loaded a process at input/proc/s1, PID: 8 PRIO: 0
==================
Time slot  16
writing error: not allocated or out of region range
	CPU 2: Put process  2 to run queue
	CPU 2: Dispatched process  7
	CPU 0: Put process  4 to run queue
	CPU 0: Dispatched process  2
==================
Time slot  17
	CPU 3: Put process  5 to run queue
	CPU 3: Dispatched process  4
	CPU 1: Put process  6 to run queue
	CPU 1: Dispatched process  5
writing error: not allocated or out of region range
	CPU 0: Processed  2 has finished
	CPU 0: Dispatched process  8
	CPU 2: Put process  7 to run queue
==================
Time slot  18
	CPU 2: Dispatched process  6
	CPU 1: Processed  5 has finished
	CPU 1: Dispatched process  7
==================
Time slot  19
	CPU 3: Put process  4 to run queue
	CPU 3: Dispatched process  4
	CPU 0: Put process  8 to run queue
	CPU 0: Dispatched process  8
	CPU 2: Put process  6 to run queue
	CPU 2: Dispatched process  6
==================
Time slot  20
	CPU 1: Put process  7 to run queue
	CPU 1: Dispatched process  7
	CPU 3: Processed  4 has finished
	CPU 3 stopped
==================
Time slot  21
	CPU 0: Put process  8 to run queue
	CPU 0: Dispatched process  8
==================
Time slot  22
	CPU 2: Processed  6 has finished
	CPU 2 stopped
	CPU 1: Put process  7 to run queue
	CPU 1: Dispatched process  7
==================
Time slot  23
	CPU 0: Put process  8 to run queue
	CPU 0: Dispatched process  8
==================
Time slot  24
	CPU 1: Put process  7 to run queue
	CPU 0: Processed  8 has finished
	CPU 1: Dispatched process  7
	CPU 0 stopped
==================
Time slot  25
==================
Time slot  26
	CPU 1: Put process  7 to run queue
	CPU 1: Dispatched process  7
==================
Time slot  27
	CPU 1: Processed  7 has finished
	CPU 1 stopped
